<?xml version="1.0" encoding="UTF-8"?>
<!-- Generated by org.testng.reporters.JUnitReportReporter -->
<testsuite hostname="DESKTOP-HOI4KIH" failures="0" tests="1" name="com.justdial.testcases.JustDialDataChrome" time="26.928" errors="0" timestamp="2025-03-25T12:51:25 IST" skipped="0">
  <testcase classname="com.justdial.testcases.JustDialDataChrome" name="verifyResultsOnGooglePage" time="26.928"/>
</testsuite> <!-- com.justdial.testcases.JustDialDataChrome -->
