<?xml version="1.0" encoding="UTF-8"?>
<!-- Generated by org.testng.reporters.JUnitReportReporter -->
<testsuite hostname="DESKTOP-HOI4KIH" failures="0" tests="1" name="com.justdial.testcases.JustDialPaintings" time="18.595" errors="0" timestamp="2025-03-03T17:36:21 IST" skipped="0">
  <testcase classname="com.justdial.testcases.JustDialPaintings" name="verifyResultsOnGooglePage" time="18.595"/>
</testsuite> <!-- com.justdial.testcases.JustDialPaintings -->
