<?xml version="1.0" encoding="UTF-8"?>
<!-- Generated by org.testng.reporters.JUnitReportReporter -->
<testsuite hostname="DESKTOP-HOI4KIH" failures="0" tests="18" name="com.justdial.testcases.JustDialPaintingsEdge" time="412.399" errors="0" timestamp="2025-03-03T17:06:18 IST" skipped="0">
  <testcase classname="com.justdial.testcases.JustDialPaintingsEdge" name="verifyResultsOnGooglePage" time="22.508"/>
  <testcase classname="com.justdial.testcases.JustDialPaintingsEdge" name="verifyResultsOnGooglePage" time="28.457"/>
  <testcase classname="com.justdial.testcases.JustDialPaintingsEdge" name="verifyResultsOnGooglePage" time="20.382"/>
  <testcase classname="com.justdial.testcases.JustDialPaintingsEdge" name="verifyResultsOnGooglePage" time="21.015"/>
  <testcase classname="com.justdial.testcases.JustDialPaintingsEdge" name="verifyResultsOnGooglePage" time="16.437"/>
  <testcase classname="com.justdial.testcases.JustDialPaintingsEdge" name="verifyResultsOnGooglePage" time="25.926"/>
  <testcase classname="com.justdial.testcases.JustDialPaintingsEdge" name="verifyResultsOnGooglePage" time="18.528"/>
  <testcase classname="com.justdial.testcases.JustDialPaintingsEdge" name="verifyResultsOnGooglePage" time="17.926"/>
  <testcase classname="com.justdial.testcases.JustDialPaintingsEdge" name="verifyResultsOnGooglePage" time="18.808"/>
  <testcase classname="com.justdial.testcases.JustDialPaintingsEdge" name="verifyResultsOnGooglePage" time="19.193"/>
  <testcase classname="com.justdial.testcases.JustDialPaintingsEdge" name="verifyResultsOnGooglePage" time="24.125"/>
  <testcase classname="com.justdial.testcases.JustDialPaintingsEdge" name="verifyResultsOnGooglePage" time="43.868"/>
  <testcase classname="com.justdial.testcases.JustDialPaintingsEdge" name="verifyResultsOnGooglePage" time="23.266"/>
  <testcase classname="com.justdial.testcases.JustDialPaintingsEdge" name="verifyResultsOnGooglePage" time="17.792"/>
  <testcase classname="com.justdial.testcases.JustDialPaintingsEdge" name="verifyResultsOnGooglePage" time="21.786"/>
  <testcase classname="com.justdial.testcases.JustDialPaintingsEdge" name="verifyResultsOnGooglePage" time="22.577"/>
  <testcase classname="com.justdial.testcases.JustDialPaintingsEdge" name="verifyResultsOnGooglePage" time="25.279"/>
  <testcase classname="com.justdial.testcases.JustDialPaintingsEdge" name="verifyResultsOnGooglePage" time="24.526"/>
</testsuite> <!-- com.justdial.testcases.JustDialPaintingsEdge -->
